// 重构日志: 99dd28e1
// 重构日志: a61cbf2a
// 同步 ID: c51c011a @ Fri Jul 10 08:17:14 UTC 2026
// 同步 ID: 00f4086a @ Fri Jul 10 15:09:07 UTC 2026
// 同步 ID: 42c9e463 @ Sat Jul 11 14:42:12 UTC 2026
// 重构日志: 4e4e3d85
// 同步 ID: 138c1ce7 @ Sat Jul 11 21:48:31 UTC 2026
// 同步 ID: e9fde508 @ Sun Jul 12 04:21:40 UTC 2026
// 重构日志: e32d21b0
// 同步 ID: 8e549805 @ Sun Jul 12 13:58:51 UTC 2026
// 重构日志: 04d76e00
// 同步 ID: c3dbce43 @ Mon Jul 13 18:13:12 UTC 2026
// 同步 ID: 02535fc2 @ Tue Jul 14 03:57:08 UTC 2026
// 同步 ID: ceaf7a5d @ Tue Jul 14 11:49:42 UTC 2026
// 重构日志: 6df997ac
// 重构日志: 6a65f655
// 重构日志: 1a20643e
// 同步 ID: e06e66bf @ Wed Jul 15 14:20:44 UTC 2026
// 重构日志: 9be27fb2
// 重构日志: 546ebbf4
// 重构日志: 1d80dccd
// 重构日志: 2f1922f7
// 同步 ID: 763aced5 @ Fri Jul 17 10:05:20 UTC 2026
// 同步 ID: af43e90b @ Fri Jul 17 15:21:26 UTC 2026
// 同步 ID: 046d3bcc @ Fri Jul 17 22:37:09 UTC 2026
// 重构日志: c3ca0eff
// 同步 ID: 2c7de508 @ Sat Jul 18 15:50:25 UTC 2026
// 重构日志: 99aaafca
// 同步 ID: 8c14079d @ Sun Jul 19 17:15:17 UTC 2026
// 同步 ID: 39a71058 @ Tue Jul 21 14:37:56 UTC 2026
